<<<<<<< Updated upstream
2024-02-15 21:34:57 -  - exec CUpdateClientPartner::__CollectRequestData
2024-02-15 21:34:57 -  - exec CUpdateClientPartner::GetHTTPPage
2024-02-15 21:34:57 -  - exec CUpdateClientPartner::ParseServerData
2024-02-15 21:34:57 -  - exec CUpdateClientPartner::GetUpdatesList
2024-02-15 21:34:57 -  - exec CUpdateClientPartner::__CollectRequestData
2024-02-15 21:34:57 -  - utf=Y&lang=ru&stable=Y&CANGZIP=Y&SUPD_DBS=MYSQL&XE=N&CLIENT_SITE=localhost&LICENSE_KEY=X&SUPD_STS=1&SUPD_URS=1&TYPENC=D&CLIENT_PHPVER=8.1.1&NGINX=Y&dbv=8.0.34&instm=main%2C23.300.100%2CY%3Bb24connector%2C22.0.0%2CN%3Bbitrix.sitecorporate%2C15.5.0%2CN%3Bbitrixcloud%2C22.100.0%2CN%3Bclouds%2C23.0.0%2CN%3Bfileman%2C22.300.0%2CN%3Bhighloadblock%2C22.200.0%2CN%3Biblock%2C23.100.0%2CN%3Blanding%2C23.600.150%2CN%3Blocation%2C23.0.0%2CN%3Bmessageservice%2C23.0.0%2CN%3Bperfmon%2C21.0.0%2CN%3Brest%2C23.100.0%2CN%3Bsearch%2C22.100.0%2CN%3Bseo%2C23.200.0%2CN%3Bsocialservices%2C22.200.400%2CN%3Btranslate%2C23.200.0%2CN%3Bui%2C22.1600.0%2CN&reqm=bitrix.sitecorporate&fullmoduleinfo=Y&SUPD_SRS=RU&SUPD_CMP=N
2024-02-15 21:34:57 -  - exec CUpdateClientPartner::GetHTTPPage
2024-02-15 21:34:57 -  - TIME GetUpdatesList(request) 0.147 sec
2024-02-15 21:34:57 -  - exec CUpdateClientPartner::ParseServerData
2024-02-15 21:34:57 -  - exec CUpdateClientPartner::__CollectRequestData
2024-02-15 21:34:57 -  - exec CUpdateClientPartner::GetHTTPPage
2024-02-15 21:34:58 -  - exec CUpdateClientPartner::ParseServerData
2024-02-19 20:36:34 -  - exec CUpdateClientPartner::__CollectRequestData
2024-02-19 20:36:34 -  - exec CUpdateClientPartner::GetHTTPPage
2024-02-19 20:36:34 -  - exec CUpdateClientPartner::ParseServerData
2024-02-19 20:36:34 -  - exec CUpdateClientPartner::GetUpdatesList
2024-02-19 20:36:34 -  - exec CUpdateClientPartner::__CollectRequestData
2024-02-19 20:36:34 -  - utf=Y&lang=ru&stable=Y&CANGZIP=Y&SUPD_DBS=MYSQL&XE=N&CLIENT_SITE=localhost&LICENSE_KEY=X&SUPD_STS=1&SUPD_URS=1&TYPENC=D&CLIENT_PHPVER=8.1.1&NGINX=Y&dbv=8.0.34&instm=main%2C23.300.100%2CY%3Bb24connector%2C22.0.0%2CN%3Bbitrix.sitecorporate%2C15.5.0%2CN%3Bbitrixcloud%2C22.100.0%2CN%3Bclouds%2C23.0.0%2CN%3Bfileman%2C22.300.0%2CN%3Bhighloadblock%2C22.200.0%2CN%3Biblock%2C23.100.0%2CN%3Blanding%2C23.600.150%2CN%3Blocation%2C23.0.0%2CN%3Bmessageservice%2C23.0.0%2CN%3Bperfmon%2C21.0.0%2CN%3Brest%2C23.100.0%2CN%3Bsearch%2C22.100.0%2CN%3Bseo%2C23.200.0%2CN%3Bsocialservices%2C22.200.400%2CN%3Btranslate%2C23.200.0%2CN%3Bui%2C22.1600.0%2CN&reqm=bitrix.sitecorporate&fullmoduleinfo=Y&SUPD_SRS=RU&SUPD_CMP=N
2024-02-19 20:36:34 -  - exec CUpdateClientPartner::GetHTTPPage
2024-02-19 20:36:34 -  - TIME GetUpdatesList(request) 0.166 sec
2024-02-19 20:36:34 -  - exec CUpdateClientPartner::ParseServerData
2024-02-19 20:36:34 -  - exec CUpdateClientPartner::__CollectRequestData
2024-02-19 20:36:34 -  - exec CUpdateClientPartner::GetHTTPPage
2024-02-19 20:36:35 -  - exec CUpdateClientPartner::ParseServerData
2024-02-21 16:20:56 -  - exec CUpdateClientPartner::__CollectRequestData
2024-02-21 16:20:56 -  - exec CUpdateClientPartner::GetHTTPPage
2024-02-21 16:20:56 -  - exec CUpdateClientPartner::ParseServerData
2024-02-21 16:20:56 -  - exec CUpdateClientPartner::GetUpdatesList
2024-02-21 16:20:56 -  - exec CUpdateClientPartner::__CollectRequestData
2024-02-21 16:20:56 -  - utf=Y&lang=ru&stable=Y&CANGZIP=Y&SUPD_DBS=MYSQL&XE=N&CLIENT_SITE=localhost&LICENSE_KEY=X&SUPD_STS=1&SUPD_URS=1&TYPENC=D&CLIENT_PHPVER=8.1.1&NGINX=Y&dbv=8.0.34&instm=main%2C23.300.100%2CY%3Bb24connector%2C22.0.0%2CN%3Bbitrix.sitecorporate%2C15.5.0%2CN%3Bbitrixcloud%2C22.100.0%2CN%3Bclouds%2C23.0.0%2CN%3Bfileman%2C22.300.0%2CN%3Bhighloadblock%2C22.200.0%2CN%3Biblock%2C23.100.0%2CN%3Blanding%2C23.600.150%2CN%3Blocation%2C23.0.0%2CN%3Bmessageservice%2C23.0.0%2CN%3Bperfmon%2C21.0.0%2CN%3Brest%2C23.100.0%2CN%3Bsearch%2C22.100.0%2CN%3Bseo%2C23.200.0%2CN%3Bsocialservices%2C22.200.400%2CN%3Btranslate%2C23.200.0%2CN%3Bui%2C22.1600.0%2CN&reqm=bitrix.sitecorporate&fullmoduleinfo=Y&SUPD_SRS=RU&SUPD_CMP=N
2024-02-21 16:20:56 -  - exec CUpdateClientPartner::GetHTTPPage
2024-02-21 16:20:56 -  - TIME GetUpdatesList(request) 0.351 sec
2024-02-21 16:20:56 -  - exec CUpdateClientPartner::ParseServerData
2024-02-21 16:20:56 -  - exec CUpdateClientPartner::__CollectRequestData
2024-02-21 16:20:56 -  - exec CUpdateClientPartner::GetHTTPPage
2024-02-21 16:20:56 -  - exec CUpdateClientPartner::ParseServerData
2024-02-24 12:39:54 -  - exec CUpdateClientPartner::__CollectRequestData
2024-02-24 12:39:54 -  - exec CUpdateClientPartner::GetHTTPPage
2024-02-24 12:39:54 -  - exec CUpdateClientPartner::__CollectRequestData
2024-02-24 12:39:54 -  - exec CUpdateClientPartner::GetHTTPPage
2024-02-24 12:39:54 -  - exec CUpdateClientPartner::ParseServerData
2024-02-24 12:39:54 -  - exec CUpdateClientPartner::GetUpdatesList
2024-02-24 12:39:54 -  - exec CUpdateClientPartner::ParseServerData
2024-02-24 12:39:54 -  - exec CUpdateClientPartner::__CollectRequestData
2024-02-24 12:39:54 -  - exec CUpdateClientPartner::GetUpdatesList
2024-02-24 12:39:54 -  - utf=Y&lang=ru&stable=Y&CANGZIP=Y&SUPD_DBS=MYSQL&XE=N&CLIENT_SITE=localhost&LICENSE_KEY=X&SUPD_STS=1&SUPD_URS=1&TYPENC=D&CLIENT_PHPVER=8.1.1&NGINX=Y&dbv=8.0.34&instm=main%2C23.300.100%2CY%3Bb24connector%2C22.0.0%2CN%3Bbitrix.sitecorporate%2C15.5.0%2CN%3Bbitrixcloud%2C22.100.0%2CN%3Bclouds%2C23.0.0%2CN%3Bfileman%2C22.300.0%2CN%3Bhighloadblock%2C22.200.0%2CN%3Biblock%2C23.100.0%2CN%3Blanding%2C23.600.150%2CN%3Blocation%2C23.0.0%2CN%3Bmessageservice%2C23.0.0%2CN%3Bperfmon%2C21.0.0%2CN%3Brest%2C23.100.0%2CN%3Bsearch%2C22.100.0%2CN%3Bseo%2C23.200.0%2CN%3Bsocialservices%2C22.200.400%2CN%3Btranslate%2C23.200.0%2CN%3Bui%2C22.1600.0%2CN&reqm=bitrix.sitecorporate&fullmoduleinfo=Y&SUPD_SRS=RU&SUPD_CMP=N
2024-02-24 12:39:54 -  - exec CUpdateClientPartner::__CollectRequestData
2024-02-24 12:39:54 -  - exec CUpdateClientPartner::GetHTTPPage
2024-02-24 12:39:54 -  - utf=Y&lang=ru&stable=Y&CANGZIP=Y&SUPD_DBS=MYSQL&XE=N&CLIENT_SITE=localhost&LICENSE_KEY=X&SUPD_STS=1&SUPD_URS=1&TYPENC=D&CLIENT_PHPVER=8.1.1&NGINX=Y&dbv=8.0.34&instm=main%2C23.300.100%2CY%3Bb24connector%2C22.0.0%2CN%3Bbitrix.sitecorporate%2C15.5.0%2CN%3Bbitrixcloud%2C22.100.0%2CN%3Bclouds%2C23.0.0%2CN%3Bfileman%2C22.300.0%2CN%3Bhighloadblock%2C22.200.0%2CN%3Biblock%2C23.100.0%2CN%3Blanding%2C23.600.150%2CN%3Blocation%2C23.0.0%2CN%3Bmessageservice%2C23.0.0%2CN%3Bperfmon%2C21.0.0%2CN%3Brest%2C23.100.0%2CN%3Bsearch%2C22.100.0%2CN%3Bseo%2C23.200.0%2CN%3Bsocialservices%2C22.200.400%2CN%3Btranslate%2C23.200.0%2CN%3Bui%2C22.1600.0%2CN&reqm=bitrix.sitecorporate&fullmoduleinfo=Y&SUPD_SRS=RU&SUPD_CMP=N
2024-02-24 12:39:54 -  - exec CUpdateClientPartner::GetHTTPPage
2024-02-24 12:39:54 -  - TIME GetUpdatesList(request) 0.145 sec
2024-02-24 12:39:54 -  - exec CUpdateClientPartner::ParseServerData
2024-02-24 12:39:54 -  - exec CUpdateClientPartner::__CollectRequestData
2024-02-24 12:39:54 -  - exec CUpdateClientPartner::GetHTTPPage
2024-02-24 12:39:54 -  - TIME GetUpdatesList(request) 0.164 sec
2024-02-24 12:39:54 -  - exec CUpdateClientPartner::ParseServerData
2024-02-24 12:39:54 -  - exec CUpdateClientPartner::__CollectRequestData
2024-02-24 12:39:54 -  - exec CUpdateClientPartner::GetHTTPPage
2024-02-24 12:39:54 -  - exec CUpdateClientPartner::ParseServerData
2024-02-24 12:39:54 -  - exec CUpdateClientPartner::ParseServerData
2024-02-27 10:10:28 -  - exec CUpdateClientPartner::__CollectRequestData
2024-02-27 10:10:28 -  - exec CUpdateClientPartner::__CollectRequestData
2024-02-27 10:10:28 -  - exec CUpdateClientPartner::__CollectRequestData
2024-02-27 10:10:28 -  - exec CUpdateClientPartner::GetHTTPPage
2024-02-27 10:10:29 -  - exec CUpdateClientPartner::GetHTTPPage
2024-02-27 10:10:29 -  - exec CUpdateClientPartner::GetHTTPPage
2024-02-27 10:10:32 -  - exec CUpdateClientPartner::ParseServerData
2024-02-27 10:10:32 -  - exec CUpdateClientPartner::ParseServerData
2024-02-27 10:10:32 -  - exec CUpdateClientPartner::ParseServerData
2024-02-27 10:10:32 -  - exec CUpdateClientPartner::GetUpdatesList
2024-02-27 10:10:32 -  - exec CUpdateClientPartner::__CollectRequestData
2024-02-27 10:10:32 -  - exec CUpdateClientPartner::GetUpdatesList
2024-02-27 10:10:32 -  - exec CUpdateClientPartner::GetUpdatesList
2024-02-27 10:10:32 -  - utf=Y&lang=ru&stable=Y&CANGZIP=Y&SUPD_DBS=MYSQL&XE=N&CLIENT_SITE=localhost&LICENSE_KEY=X&SUPD_STS=1&SUPD_URS=1&TYPENC=D&CLIENT_PHPVER=8.1.1&NGINX=Y&dbv=8.0.34&instm=main%2C23.300.100%2CY%3Bb24connector%2C22.0.0%2CN%3Bbitrix.sitecorporate%2C15.5.0%2CN%3Bbitrixcloud%2C22.100.0%2CN%3Bclouds%2C23.0.0%2CN%3Bfileman%2C22.300.0%2CN%3Bhighloadblock%2C22.200.0%2CN%3Biblock%2C23.100.0%2CN%3Blanding%2C23.600.150%2CN%3Blocation%2C23.0.0%2CN%3Bmessageservice%2C23.0.0%2CN%3Bperfmon%2C21.0.0%2CN%3Brest%2C23.100.0%2CN%3Bsearch%2C22.100.0%2CN%3Bseo%2C23.200.0%2CN%3Bsocialservices%2C22.200.400%2CN%3Btranslate%2C23.200.0%2CN%3Bui%2C22.1600.0%2CN&reqm=bitrix.sitecorporate&fullmoduleinfo=Y&SUPD_SRS=RU&SUPD_CMP=N
2024-02-27 10:10:32 -  - exec CUpdateClientPartner::__CollectRequestData
2024-02-27 10:10:32 -  - exec CUpdateClientPartner::__CollectRequestData
2024-02-27 10:10:32 -  - exec CUpdateClientPartner::GetHTTPPage
2024-02-27 10:10:32 -  - utf=Y&lang=ru&stable=Y&CANGZIP=Y&SUPD_DBS=MYSQL&XE=N&CLIENT_SITE=localhost&LICENSE_KEY=X&SUPD_STS=1&SUPD_URS=1&TYPENC=D&CLIENT_PHPVER=8.1.1&NGINX=Y&dbv=8.0.34&instm=main%2C23.300.100%2CY%3Bb24connector%2C22.0.0%2CN%3Bbitrix.sitecorporate%2C15.5.0%2CN%3Bbitrixcloud%2C22.100.0%2CN%3Bclouds%2C23.0.0%2CN%3Bfileman%2C22.300.0%2CN%3Bhighloadblock%2C22.200.0%2CN%3Biblock%2C23.100.0%2CN%3Blanding%2C23.600.150%2CN%3Blocation%2C23.0.0%2CN%3Bmessageservice%2C23.0.0%2CN%3Bperfmon%2C21.0.0%2CN%3Brest%2C23.100.0%2CN%3Bsearch%2C22.100.0%2CN%3Bseo%2C23.200.0%2CN%3Bsocialservices%2C22.200.400%2CN%3Btranslate%2C23.200.0%2CN%3Bui%2C22.1600.0%2CN&reqm=bitrix.sitecorporate&fullmoduleinfo=Y&SUPD_SRS=RU&SUPD_CMP=N
2024-02-27 10:10:32 -  - utf=Y&lang=ru&stable=Y&CANGZIP=Y&SUPD_DBS=MYSQL&XE=N&CLIENT_SITE=localhost&LICENSE_KEY=X&SUPD_STS=1&SUPD_URS=1&TYPENC=D&CLIENT_PHPVER=8.1.1&NGINX=Y&dbv=8.0.34&instm=main%2C23.300.100%2CY%3Bb24connector%2C22.0.0%2CN%3Bbitrix.sitecorporate%2C15.5.0%2CN%3Bbitrixcloud%2C22.100.0%2CN%3Bclouds%2C23.0.0%2CN%3Bfileman%2C22.300.0%2CN%3Bhighloadblock%2C22.200.0%2CN%3Biblock%2C23.100.0%2CN%3Blanding%2C23.600.150%2CN%3Blocation%2C23.0.0%2CN%3Bmessageservice%2C23.0.0%2CN%3Bperfmon%2C21.0.0%2CN%3Brest%2C23.100.0%2CN%3Bsearch%2C22.100.0%2CN%3Bseo%2C23.200.0%2CN%3Bsocialservices%2C22.200.400%2CN%3Btranslate%2C23.200.0%2CN%3Bui%2C22.1600.0%2CN&reqm=bitrix.sitecorporate&fullmoduleinfo=Y&SUPD_SRS=RU&SUPD_CMP=N
2024-02-27 10:10:32 -  - exec CUpdateClientPartner::GetHTTPPage
2024-02-27 10:10:32 -  - exec CUpdateClientPartner::GetHTTPPage
2024-02-27 10:10:32 -  - TIME GetUpdatesList(request) 0.162 sec
2024-02-27 10:10:32 -  - exec CUpdateClientPartner::ParseServerData
2024-02-27 10:10:32 -  - exec CUpdateClientPartner::__CollectRequestData
2024-02-27 10:10:32 -  - TIME GetUpdatesList(request) 0.156 sec
2024-02-27 10:10:32 -  - TIME GetUpdatesList(request) 0.161 sec
2024-02-27 10:10:32 -  - exec CUpdateClientPartner::ParseServerData
2024-02-27 10:10:32 -  - exec CUpdateClientPartner::ParseServerData
2024-02-27 10:10:32 -  - exec CUpdateClientPartner::GetHTTPPage
2024-02-27 10:10:32 -  - exec CUpdateClientPartner::__CollectRequestData
2024-02-27 10:10:32 -  - exec CUpdateClientPartner::__CollectRequestData
2024-02-27 10:10:32 -  - exec CUpdateClientPartner::GetHTTPPage
2024-02-27 10:10:32 -  - exec CUpdateClientPartner::GetHTTPPage
2024-02-27 10:10:32 -  - exec CUpdateClientPartner::ParseServerData
2024-02-27 10:10:32 -  - exec CUpdateClientPartner::ParseServerData
2024-02-27 10:10:32 -  - exec CUpdateClientPartner::ParseServerData
=======
2024-04-09 20:50:06 -  - exec CUpdateClientPartner::__CollectRequestData
2024-04-09 20:50:06 -  - exec CUpdateClientPartner::GetHTTPPage
2024-04-09 20:50:07 -  - exec CUpdateClientPartner::ParseServerData
2024-04-09 20:50:07 -  - exec CUpdateClientPartner::GetUpdatesList
2024-04-09 20:50:07 -  - exec CUpdateClientPartner::__CollectRequestData
2024-04-09 20:50:07 -  - utf=Y&lang=ru&stable=Y&CANGZIP=Y&SUPD_DBS=MYSQL&XE=N&CLIENT_SITE=localhost&LICENSE_KEY=X&SUPD_STS=1&SUPD_URS=1&TYPENC=D&CLIENT_PHPVER=8.1.1&NGINX=Y&dbv=8.0.36&instm=main%2C23.300.100%2CY%3Bb24connector%2C22.0.0%2CN%3Bbitrix.sitecorporate%2C15.5.0%2CN%3Bbitrixcloud%2C22.100.0%2CN%3Bclouds%2C23.0.0%2CN%3Bfileman%2C22.300.0%2CN%3Bhighloadblock%2C22.200.0%2CN%3Biblock%2C23.100.0%2CN%3Blanding%2C23.600.150%2CN%3Blocation%2C23.0.0%2CN%3Bmessageservice%2C23.0.0%2CN%3Bperfmon%2C21.0.0%2CN%3Brest%2C23.100.0%2CN%3Bsearch%2C22.100.0%2CN%3Bseo%2C23.200.0%2CN%3Bsocialservices%2C22.200.400%2CN%3Btranslate%2C23.200.0%2CN%3Bui%2C22.1600.0%2CN&reqm=bitrix.sitecorporate&fullmoduleinfo=Y&SUPD_SRS=RU&SUPD_CMP=N
2024-04-09 20:50:07 -  - exec CUpdateClientPartner::GetHTTPPage
2024-04-09 20:50:07 -  - TIME GetUpdatesList(request) 0.192 sec
2024-04-09 20:50:07 -  - exec CUpdateClientPartner::ParseServerData
2024-04-09 20:50:07 -  - exec CUpdateClientPartner::__CollectRequestData
2024-04-09 20:50:07 -  - exec CUpdateClientPartner::GetHTTPPage
2024-04-09 20:50:07 -  - exec CUpdateClientPartner::ParseServerData
2024-04-15 14:07:57 -  - exec CUpdateClientPartner::__CollectRequestData
2024-04-15 14:07:57 -  - exec CUpdateClientPartner::GetHTTPPage
2024-04-15 14:07:57 -  - exec CUpdateClientPartner::ParseServerData
2024-04-15 14:07:57 -  - exec CUpdateClientPartner::GetUpdatesList
2024-04-15 14:07:57 -  - exec CUpdateClientPartner::__CollectRequestData
2024-04-15 14:07:57 -  - utf=Y&lang=ru&stable=Y&CANGZIP=Y&SUPD_DBS=MYSQL&XE=N&CLIENT_SITE=localhost&LICENSE_KEY=X&SUPD_STS=1&SUPD_URS=1&TYPENC=D&CLIENT_PHPVER=8.1.1&NGINX=Y&dbv=8.0.36&instm=main%2C23.300.100%2CY%3Bb24connector%2C22.0.0%2CN%3Bbitrix.sitecorporate%2C15.5.0%2CN%3Bbitrixcloud%2C22.100.0%2CN%3Bclouds%2C23.0.0%2CN%3Bfileman%2C22.300.0%2CN%3Bhighloadblock%2C22.200.0%2CN%3Biblock%2C23.100.0%2CN%3Blanding%2C23.600.150%2CN%3Blocation%2C23.0.0%2CN%3Bmessageservice%2C23.0.0%2CN%3Bperfmon%2C21.0.0%2CN%3Brest%2C23.100.0%2CN%3Bsearch%2C22.100.0%2CN%3Bseo%2C23.200.0%2CN%3Bsocialservices%2C22.200.400%2CN%3Btranslate%2C23.200.0%2CN%3Bui%2C22.1600.0%2CN&reqm=bitrix.sitecorporate&fullmoduleinfo=Y&SUPD_SRS=RU&SUPD_CMP=N
2024-04-15 14:07:57 -  - exec CUpdateClientPartner::GetHTTPPage
2024-04-15 14:07:57 -  - TIME GetUpdatesList(request) 0.207 sec
2024-04-15 14:07:57 -  - exec CUpdateClientPartner::ParseServerData
2024-04-15 14:07:57 -  - exec CUpdateClientPartner::__CollectRequestData
2024-04-15 14:07:57 -  - exec CUpdateClientPartner::GetHTTPPage
2024-04-15 14:07:58 -  - exec CUpdateClientPartner::ParseServerData
2024-04-25 14:10:40 -  - exec CUpdateClientPartner::__CollectRequestData
2024-04-25 14:10:40 -  - exec CUpdateClientPartner::GetHTTPPage
2024-04-25 14:10:43 -  - exec CUpdateClientPartner::ParseServerData
2024-04-25 14:10:43 -  - exec CUpdateClientPartner::GetUpdatesList
2024-04-25 14:10:43 -  - exec CUpdateClientPartner::__CollectRequestData
2024-04-25 14:10:43 -  - utf=Y&lang=ru&stable=Y&CANGZIP=Y&SUPD_DBS=MYSQL&XE=N&CLIENT_SITE=localhost&LICENSE_KEY=X&SUPD_STS=1&SUPD_URS=1&TYPENC=D&CLIENT_PHPVER=8.1.1&NGINX=Y&dbv=8.0.36&instm=main%2C23.300.100%2CY%3Bb24connector%2C22.0.0%2CN%3Bbitrix.sitecorporate%2C15.5.0%2CN%3Bbitrixcloud%2C22.100.0%2CN%3Bclouds%2C23.0.0%2CN%3Bfileman%2C22.300.0%2CN%3Bhighloadblock%2C22.200.0%2CN%3Biblock%2C23.100.0%2CN%3Blanding%2C23.600.150%2CN%3Blocation%2C23.0.0%2CN%3Bmessageservice%2C23.0.0%2CN%3Bperfmon%2C21.0.0%2CN%3Brest%2C23.100.0%2CN%3Bsearch%2C22.100.0%2CN%3Bseo%2C23.200.0%2CN%3Bsocialservices%2C22.200.400%2CN%3Btranslate%2C23.200.0%2CN%3Bui%2C22.1600.0%2CN&reqm=bitrix.sitecorporate&fullmoduleinfo=Y&SUPD_SRS=RU&SUPD_CMP=N
2024-04-25 14:10:43 -  - exec CUpdateClientPartner::GetHTTPPage
2024-04-25 14:10:43 -  - TIME GetUpdatesList(request) 0.181 sec
2024-04-25 14:10:43 -  - exec CUpdateClientPartner::ParseServerData
2024-04-25 14:10:43 -  - exec CUpdateClientPartner::__CollectRequestData
2024-04-25 14:10:43 -  - exec CUpdateClientPartner::GetHTTPPage
2024-04-25 14:10:43 -  - exec CUpdateClientPartner::ParseServerData
2024-04-27 09:59:52 -  - exec CUpdateClientPartner::__CollectRequestData
2024-04-27 09:59:52 -  - exec CUpdateClientPartner::GetHTTPPage
2024-04-27 09:59:52 -  - exec CUpdateClientPartner::__CollectRequestData
2024-04-27 09:59:52 -  - exec CUpdateClientPartner::GetHTTPPage
2024-04-27 09:59:52 -  - exec CUpdateClientPartner::ParseServerData
2024-04-27 09:59:52 -  - exec CUpdateClientPartner::GetUpdatesList
2024-04-27 09:59:52 -  - exec CUpdateClientPartner::__CollectRequestData
2024-04-27 09:59:52 -  - utf=Y&lang=ru&stable=Y&CANGZIP=Y&SUPD_DBS=MYSQL&XE=N&CLIENT_SITE=localhost&LICENSE_KEY=X&SUPD_STS=1&SUPD_URS=1&TYPENC=D&CLIENT_PHPVER=8.1.1&NGINX=Y&dbv=8.0.36&instm=main%2C23.300.100%2CY%3Bb24connector%2C22.0.0%2CN%3Bbitrix.sitecorporate%2C15.5.0%2CN%3Bbitrixcloud%2C22.100.0%2CN%3Bclouds%2C23.0.0%2CN%3Bfileman%2C22.300.0%2CN%3Bhighloadblock%2C22.200.0%2CN%3Biblock%2C23.100.0%2CN%3Blanding%2C23.600.150%2CN%3Blocation%2C23.0.0%2CN%3Bmessageservice%2C23.0.0%2CN%3Bperfmon%2C21.0.0%2CN%3Brest%2C23.100.0%2CN%3Bsearch%2C22.100.0%2CN%3Bseo%2C23.200.0%2CN%3Bsocialservices%2C22.200.400%2CN%3Btranslate%2C23.200.0%2CN%3Bui%2C22.1600.0%2CN&reqm=bitrix.sitecorporate&fullmoduleinfo=Y&SUPD_SRS=RU&SUPD_CMP=N
2024-04-27 09:59:52 -  - exec CUpdateClientPartner::GetHTTPPage
2024-04-27 09:59:53 -  - exec CUpdateClientPartner::ParseServerData
2024-04-27 09:59:53 -  - exec CUpdateClientPartner::GetUpdatesList
2024-04-27 09:59:53 -  - exec CUpdateClientPartner::__CollectRequestData
2024-04-27 09:59:53 -  - utf=Y&lang=ru&stable=Y&CANGZIP=Y&SUPD_DBS=MYSQL&XE=N&CLIENT_SITE=localhost&LICENSE_KEY=X&SUPD_STS=1&SUPD_URS=1&TYPENC=D&CLIENT_PHPVER=8.1.1&NGINX=Y&dbv=8.0.36&instm=main%2C23.300.100%2CY%3Bb24connector%2C22.0.0%2CN%3Bbitrix.sitecorporate%2C15.5.0%2CN%3Bbitrixcloud%2C22.100.0%2CN%3Bclouds%2C23.0.0%2CN%3Bfileman%2C22.300.0%2CN%3Bhighloadblock%2C22.200.0%2CN%3Biblock%2C23.100.0%2CN%3Blanding%2C23.600.150%2CN%3Blocation%2C23.0.0%2CN%3Bmessageservice%2C23.0.0%2CN%3Bperfmon%2C21.0.0%2CN%3Brest%2C23.100.0%2CN%3Bsearch%2C22.100.0%2CN%3Bseo%2C23.200.0%2CN%3Bsocialservices%2C22.200.400%2CN%3Btranslate%2C23.200.0%2CN%3Bui%2C22.1600.0%2CN&reqm=bitrix.sitecorporate&fullmoduleinfo=Y&SUPD_SRS=RU&SUPD_CMP=N
2024-04-27 09:59:53 -  - exec CUpdateClientPartner::GetHTTPPage
2024-04-27 09:59:53 -  - TIME GetUpdatesList(request) 0.177 sec
2024-04-27 09:59:53 -  - exec CUpdateClientPartner::ParseServerData
2024-04-27 09:59:53 -  - exec CUpdateClientPartner::__CollectRequestData
2024-04-27 09:59:53 -  - exec CUpdateClientPartner::GetHTTPPage
2024-04-27 09:59:53 -  - TIME GetUpdatesList(request) 0.167 sec
2024-04-27 09:59:53 -  - exec CUpdateClientPartner::ParseServerData
2024-04-27 09:59:53 -  - exec CUpdateClientPartner::__CollectRequestData
2024-04-27 09:59:53 -  - exec CUpdateClientPartner::GetHTTPPage
2024-04-27 09:59:53 -  - exec CUpdateClientPartner::ParseServerData
2024-04-27 09:59:53 -  - exec CUpdateClientPartner::ParseServerData
>>>>>>> Stashed changes
